
as12, an absolute assembler for Motorola MCU's, version 1.2h

                        
                        
                        
                        
                        
1000                            org     $1000
1000 15 26 95 54 66 22  MyArray db      $15, $26, $95, $54, $66, $22, $F3
     f3
1007                    EndArray
                        
1007                    Result  ds      4
                        
2000                            org     $2000
2000 cf 20 00                   lds     #$2000
2003 ce 10 00                   ldx     #MyArray
2006 fc 10 00                   ldd     MyArray
2009 b7 90                      exg     b,a
200b a6 02                      ldaa    2,x
200d 08                         inx
200e e6 03                      ldab    3,x
2010 a6 32                      ldaa    3,x+
2012 cd 10 07                   ldy     #Result
2015 6a 43                      staa    3,y
2017 b7 01                      tfr     a,b
2019 6b 70                      stab    1,y+
                                end

Executed: Tue Nov 16 19:02:14 2021
Total cycles: 23, Total bytes: 34
Total errors: 0, Total warnings: 0
